mode: count
github.com/owulveryck/wardleyToGo/parser/wtg/rune_stack.go:12.31,14.2 1 16
github.com/owulveryck/wardleyToGo/parser/wtg/rune_stack.go:16.34,18.20 2 3933
github.com/owulveryck/wardleyToGo/parser/wtg/rune_stack.go:18.20,20.3 1 1263
github.com/owulveryck/wardleyToGo/parser/wtg/rune_stack.go:20.8,23.3 2 2670
github.com/owulveryck/wardleyToGo/parser/wtg/rune_stack.go:26.32,27.20 1 2478
github.com/owulveryck/wardleyToGo/parser/wtg/rune_stack.go:27.20,29.3 1 0
github.com/owulveryck/wardleyToGo/parser/wtg/rune_stack.go:29.8,33.3 3 2478
github.com/owulveryck/wardleyToGo/parser/wtg/rune_stack.go:36.29,38.2 1 431
github.com/owulveryck/wardleyToGo/parser/wtg/states.go:5.37,8.25 1 159
github.com/owulveryck/wardleyToGo/parser/wtg/states.go:12.2,12.32 1 143
github.com/owulveryck/wardleyToGo/parser/wtg/states.go:15.2,16.47 2 143
github.com/owulveryck/wardleyToGo/parser/wtg/states.go:19.2,19.21 1 64
github.com/owulveryck/wardleyToGo/parser/wtg/states.go:22.2,22.21 1 48
github.com/owulveryck/wardleyToGo/parser/wtg/states.go:26.2,26.21 1 48
github.com/owulveryck/wardleyToGo/parser/wtg/states.go:30.2,30.44 1 48
github.com/owulveryck/wardleyToGo/parser/wtg/states.go:35.2,35.44 1 48
github.com/owulveryck/wardleyToGo/parser/wtg/states.go:40.2,40.44 1 48
github.com/owulveryck/wardleyToGo/parser/wtg/states.go:47.2,47.21 1 48
github.com/owulveryck/wardleyToGo/parser/wtg/states.go:50.2,50.19 1 44
github.com/owulveryck/wardleyToGo/parser/wtg/states.go:8.25,11.3 2 16
github.com/owulveryck/wardleyToGo/parser/wtg/states.go:12.32,14.3 1 254
github.com/owulveryck/wardleyToGo/parser/wtg/states.go:16.47,18.3 1 79
github.com/owulveryck/wardleyToGo/parser/wtg/states.go:19.21,21.3 1 16
github.com/owulveryck/wardleyToGo/parser/wtg/states.go:22.21,25.3 2 13
github.com/owulveryck/wardleyToGo/parser/wtg/states.go:26.21,29.3 2 13
github.com/owulveryck/wardleyToGo/parser/wtg/states.go:30.44,34.3 3 2
github.com/owulveryck/wardleyToGo/parser/wtg/states.go:35.44,39.3 3 2
github.com/owulveryck/wardleyToGo/parser/wtg/states.go:40.44,41.31 1 3
github.com/owulveryck/wardleyToGo/parser/wtg/states.go:44.3,45.23 2 3
github.com/owulveryck/wardleyToGo/parser/wtg/states.go:41.31,43.4 1 59
github.com/owulveryck/wardleyToGo/parser/wtg/states.go:47.21,49.3 1 4
github.com/owulveryck/wardleyToGo/parser/wtg/states.go:53.36,54.48 1 111
github.com/owulveryck/wardleyToGo/parser/wtg/states.go:57.2,57.22 1 111
github.com/owulveryck/wardleyToGo/parser/wtg/states.go:54.48,56.3 1 598
github.com/owulveryck/wardleyToGo/parser/wtg/states.go:60.40,61.18 1 111
github.com/owulveryck/wardleyToGo/parser/wtg/states.go:80.2,81.19 2 28
github.com/owulveryck/wardleyToGo/parser/wtg/states.go:62.11,64.19 2 2
github.com/owulveryck/wardleyToGo/parser/wtg/states.go:65.11,66.52 1 47
github.com/owulveryck/wardleyToGo/parser/wtg/states.go:70.3,70.26 1 17
github.com/owulveryck/wardleyToGo/parser/wtg/states.go:76.11,77.26 1 38
github.com/owulveryck/wardleyToGo/parser/wtg/states.go:66.52,69.4 2 30
github.com/owulveryck/wardleyToGo/parser/wtg/states.go:70.26,75.4 4 13
github.com/owulveryck/wardleyToGo/parser/wtg/states.go:84.43,85.21 1 38
github.com/owulveryck/wardleyToGo/parser/wtg/states.go:95.2,99.19 5 30
github.com/owulveryck/wardleyToGo/parser/wtg/states.go:86.19,87.25 1 10
github.com/owulveryck/wardleyToGo/parser/wtg/states.go:88.14,91.19 2 8
github.com/owulveryck/wardleyToGo/parser/wtg/states.go:92.10,93.26 1 20
github.com/owulveryck/wardleyToGo/parser/wtg/states.go:102.36,103.21 1 8
github.com/owulveryck/wardleyToGo/parser/wtg/states.go:106.2,107.22 2 8
github.com/owulveryck/wardleyToGo/parser/wtg/states.go:110.2,111.33 2 8
github.com/owulveryck/wardleyToGo/parser/wtg/states.go:114.2,116.19 3 8
github.com/owulveryck/wardleyToGo/parser/wtg/states.go:103.21,105.3 1 0
github.com/owulveryck/wardleyToGo/parser/wtg/states.go:107.22,109.3 1 8
github.com/owulveryck/wardleyToGo/parser/wtg/states.go:111.33,113.3 1 45
github.com/owulveryck/wardleyToGo/parser/wtg/states.go:119.42,120.22 1 17
github.com/owulveryck/wardleyToGo/parser/wtg/states.go:123.2,124.19 2 17
github.com/owulveryck/wardleyToGo/parser/wtg/states.go:120.22,122.3 1 27
github.com/owulveryck/wardleyToGo/parser/wtg/states.go:127.41,130.17 3 16
github.com/owulveryck/wardleyToGo/parser/wtg/states.go:141.2,142.19 2 15
github.com/owulveryck/wardleyToGo/parser/wtg/states.go:130.17,132.10 2 335
github.com/owulveryck/wardleyToGo/parser/wtg/states.go:139.3,139.11 1 334
github.com/owulveryck/wardleyToGo/parser/wtg/states.go:133.17,134.12 1 63
github.com/owulveryck/wardleyToGo/parser/wtg/states.go:135.27,137.21 2 1
github.com/owulveryck/wardleyToGo/parser/wtg/states.go:145.51,146.59 1 899
github.com/owulveryck/wardleyToGo/parser/wtg/states.go:149.2,149.14 1 192
github.com/owulveryck/wardleyToGo/parser/wtg/states.go:146.59,148.3 1 707
github.com/owulveryck/wardleyToGo/parser/wtg/coords.go:12.59,29.22 11 25
github.com/owulveryck/wardleyToGo/parser/wtg/coords.go:56.2,56.24 1 23
github.com/owulveryck/wardleyToGo/parser/wtg/coords.go:59.2,59.12 1 21
github.com/owulveryck/wardleyToGo/parser/wtg/coords.go:62.2,62.13 1 19
github.com/owulveryck/wardleyToGo/parser/wtg/coords.go:65.2,66.24 2 18
github.com/owulveryck/wardleyToGo/parser/wtg/coords.go:71.2,72.43 2 18
github.com/owulveryck/wardleyToGo/parser/wtg/coords.go:76.2,76.57 1 18
github.com/owulveryck/wardleyToGo/parser/wtg/coords.go:79.2,79.73 1 17
github.com/owulveryck/wardleyToGo/parser/wtg/coords.go:29.22,30.12 1 458
github.com/owulveryck/wardleyToGo/parser/wtg/coords.go:31.12,34.12 3 118
github.com/owulveryck/wardleyToGo/parser/wtg/coords.go:35.12,39.27 4 21
github.com/owulveryck/wardleyToGo/parser/wtg/coords.go:40.12,44.27 4 8
github.com/owulveryck/wardleyToGo/parser/wtg/coords.go:45.11,47.25 2 311
github.com/owulveryck/wardleyToGo/parser/wtg/coords.go:50.4,50.36 1 310
github.com/owulveryck/wardleyToGo/parser/wtg/coords.go:53.4,53.27 1 309
github.com/owulveryck/wardleyToGo/parser/wtg/coords.go:47.25,49.5 1 1
github.com/owulveryck/wardleyToGo/parser/wtg/coords.go:50.36,52.5 1 1
github.com/owulveryck/wardleyToGo/parser/wtg/coords.go:56.24,58.3 1 2
github.com/owulveryck/wardleyToGo/parser/wtg/coords.go:59.12,61.3 1 2
github.com/owulveryck/wardleyToGo/parser/wtg/coords.go:62.13,64.3 1 1
github.com/owulveryck/wardleyToGo/parser/wtg/coords.go:66.24,70.3 2 18
github.com/owulveryck/wardleyToGo/parser/wtg/coords.go:72.43,75.3 2 5
github.com/owulveryck/wardleyToGo/parser/wtg/coords.go:76.57,78.3 1 1
github.com/owulveryck/wardleyToGo/parser/wtg/coords.go:82.35,83.15 1 0
github.com/owulveryck/wardleyToGo/parser/wtg/coords.go:84.2,84.12 1 0
github.com/owulveryck/wardleyToGo/parser/wtg/coords.go:87.29,92.26 5 6
github.com/owulveryck/wardleyToGo/parser/wtg/coords.go:108.2,112.26 3 6
github.com/owulveryck/wardleyToGo/parser/wtg/coords.go:92.26,93.27 1 7
github.com/owulveryck/wardleyToGo/parser/wtg/coords.go:93.27,95.31 2 17
github.com/owulveryck/wardleyToGo/parser/wtg/coords.go:95.31,97.38 2 17
github.com/owulveryck/wardleyToGo/parser/wtg/coords.go:101.5,101.37 1 17
github.com/owulveryck/wardleyToGo/parser/wtg/coords.go:97.38,100.6 2 42
github.com/owulveryck/wardleyToGo/parser/wtg/coords.go:101.37,103.6 1 6
github.com/owulveryck/wardleyToGo/parser/wtg/coords.go:112.26,114.3 1 7
github.com/owulveryck/wardleyToGo/parser/wtg/coords.go:121.86,124.20 3 35
github.com/owulveryck/wardleyToGo/parser/wtg/coords.go:124.20,125.43 1 28
github.com/owulveryck/wardleyToGo/parser/wtg/coords.go:126.27,127.101 1 23
github.com/owulveryck/wardleyToGo/parser/wtg/coords.go:128.34,129.111 1 5
github.com/owulveryck/wardleyToGo/parser/wtg/graph_utils.go:8.57,11.19 3 6
github.com/owulveryck/wardleyToGo/parser/wtg/graph_utils.go:22.2,22.12 1 6
github.com/owulveryck/wardleyToGo/parser/wtg/graph_utils.go:11.19,13.32 2 26
github.com/owulveryck/wardleyToGo/parser/wtg/graph_utils.go:13.32,14.25 1 12
github.com/owulveryck/wardleyToGo/parser/wtg/graph_utils.go:15.28,16.25 1 9
github.com/owulveryck/wardleyToGo/parser/wtg/graph_utils.go:17.35,18.35 1 3
github.com/owulveryck/wardleyToGo/parser/wtg/graph_utils.go:25.56,28.19 3 6
github.com/owulveryck/wardleyToGo/parser/wtg/graph_utils.go:39.2,39.12 1 6
github.com/owulveryck/wardleyToGo/parser/wtg/graph_utils.go:28.19,30.30 2 26
github.com/owulveryck/wardleyToGo/parser/wtg/graph_utils.go:30.30,31.25 1 7
github.com/owulveryck/wardleyToGo/parser/wtg/graph_utils.go:32.28,33.25 1 7
github.com/owulveryck/wardleyToGo/parser/wtg/graph_utils.go:34.35,35.35 1 0
github.com/owulveryck/wardleyToGo/parser/wtg/lex.go:46.51,54.2 1 16
github.com/owulveryck/wardleyToGo/parser/wtg/lex.go:57.25,60.19 2 16
github.com/owulveryck/wardleyToGo/parser/wtg/lex.go:63.2,64.12 2 16
github.com/owulveryck/wardleyToGo/parser/wtg/lex.go:60.19,62.3 1 2
github.com/owulveryck/wardleyToGo/parser/wtg/lex.go:68.34,70.2 1 299
github.com/owulveryck/wardleyToGo/parser/wtg/lex.go:72.36,75.2 2 62
github.com/owulveryck/wardleyToGo/parser/wtg/lex.go:79.35,87.2 4 199
github.com/owulveryck/wardleyToGo/parser/wtg/lex.go:92.26,95.2 2 232
github.com/owulveryck/wardleyToGo/parser/wtg/lex.go:99.33,106.2 5 74
github.com/owulveryck/wardleyToGo/parser/wtg/lex.go:110.29,115.2 3 2327
github.com/owulveryck/wardleyToGo/parser/wtg/lex.go:120.26,122.17 2 2478
github.com/owulveryck/wardleyToGo/parser/wtg/lex.go:122.17,125.27 3 2358
github.com/owulveryck/wardleyToGo/parser/wtg/lex.go:125.27,127.4 1 0
github.com/owulveryck/wardleyToGo/parser/wtg/lex.go:133.29,139.19 3 3933
github.com/owulveryck/wardleyToGo/parser/wtg/lex.go:144.2,147.10 3 3933
github.com/owulveryck/wardleyToGo/parser/wtg/lex.go:139.19,141.3 1 120
github.com/owulveryck/wardleyToGo/parser/wtg/lex.go:141.8,143.3 1 3813
github.com/owulveryck/wardleyToGo/parser/wtg/lex.go:153.36,155.37 2 0
github.com/owulveryck/wardleyToGo/parser/wtg/lex.go:158.2,158.12 1 0
github.com/owulveryck/wardleyToGo/parser/wtg/lex.go:155.37,157.3 1 0
github.com/owulveryck/wardleyToGo/parser/wtg/lex.go:163.44,164.31 1 0
github.com/owulveryck/wardleyToGo/parser/wtg/lex.go:164.31,166.3 1 0
github.com/owulveryck/wardleyToGo/parser/wtg/lex.go:166.8,168.3 1 0
github.com/owulveryck/wardleyToGo/parser/wtg/lex.go:173.23,175.19 2 16
github.com/owulveryck/wardleyToGo/parser/wtg/lex.go:178.2,178.17 1 16
github.com/owulveryck/wardleyToGo/parser/wtg/lex.go:175.19,177.3 1 460
github.com/owulveryck/wardleyToGo/parser/wtg/map.go:5.41,7.36 2 3
github.com/owulveryck/wardleyToGo/parser/wtg/map.go:29.2,29.36 1 3
github.com/owulveryck/wardleyToGo/parser/wtg/map.go:35.2,35.12 1 3
github.com/owulveryck/wardleyToGo/parser/wtg/map.go:7.36,9.17 2 13
github.com/owulveryck/wardleyToGo/parser/wtg/map.go:12.3,12.26 1 13
github.com/owulveryck/wardleyToGo/parser/wtg/map.go:27.3,27.14 1 13
github.com/owulveryck/wardleyToGo/parser/wtg/map.go:9.17,11.4 1 0
github.com/owulveryck/wardleyToGo/parser/wtg/map.go:12.26,18.18 6 3
github.com/owulveryck/wardleyToGo/parser/wtg/map.go:21.4,25.6 1 3
github.com/owulveryck/wardleyToGo/parser/wtg/map.go:18.18,20.5 1 0
github.com/owulveryck/wardleyToGo/parser/wtg/map.go:29.36,31.17 2 10
github.com/owulveryck/wardleyToGo/parser/wtg/map.go:31.17,33.4 1 0
github.com/owulveryck/wardleyToGo/parser/wtg/parse.go:24.26,31.2 1 20
github.com/owulveryck/wardleyToGo/parser/wtg/parse.go:33.43,35.16 2 0
github.com/owulveryck/wardleyToGo/parser/wtg/parse.go:38.2,38.27 1 0
github.com/owulveryck/wardleyToGo/parser/wtg/parse.go:35.16,37.3 1 0
github.com/owulveryck/wardleyToGo/parser/wtg/parse.go:40.40,45.16 2 3
github.com/owulveryck/wardleyToGo/parser/wtg/parse.go:48.2,48.31 1 2
github.com/owulveryck/wardleyToGo/parser/wtg/parse.go:51.2,52.16 2 1
github.com/owulveryck/wardleyToGo/parser/wtg/parse.go:55.2,56.22 2 1
github.com/owulveryck/wardleyToGo/parser/wtg/parse.go:62.2,62.12 1 1
github.com/owulveryck/wardleyToGo/parser/wtg/parse.go:45.16,47.3 1 1
github.com/owulveryck/wardleyToGo/parser/wtg/parse.go:48.31,50.3 1 1
github.com/owulveryck/wardleyToGo/parser/wtg/parse.go:52.16,54.3 1 0
github.com/owulveryck/wardleyToGo/parser/wtg/parse.go:56.22,58.17 2 0
github.com/owulveryck/wardleyToGo/parser/wtg/parse.go:58.17,60.4 1 0
github.com/owulveryck/wardleyToGo/parser/wtg/parse.go:65.44,69.28 4 15
github.com/owulveryck/wardleyToGo/parser/wtg/parse.go:131.2,131.12 1 12
github.com/owulveryck/wardleyToGo/parser/wtg/parse.go:69.28,70.16 1 154
github.com/owulveryck/wardleyToGo/parser/wtg/parse.go:76.3,76.19 1 151
github.com/owulveryck/wardleyToGo/parser/wtg/parse.go:70.16,71.40 1 3
github.com/owulveryck/wardleyToGo/parser/wtg/parse.go:74.4,74.12 1 3
github.com/owulveryck/wardleyToGo/parser/wtg/parse.go:71.40,73.5 1 1
github.com/owulveryck/wardleyToGo/parser/wtg/parse.go:77.24,78.28 1 40
github.com/owulveryck/wardleyToGo/parser/wtg/parse.go:85.4,85.43 1 29
github.com/owulveryck/wardleyToGo/parser/wtg/parse.go:86.24,87.28 1 13
github.com/owulveryck/wardleyToGo/parser/wtg/parse.go:90.4,90.43 1 11
github.com/owulveryck/wardleyToGo/parser/wtg/parse.go:91.22,92.28 1 13
github.com/owulveryck/wardleyToGo/parser/wtg/parse.go:95.4,96.18 2 12
github.com/owulveryck/wardleyToGo/parser/wtg/parse.go:99.4,102.45 4 12
github.com/owulveryck/wardleyToGo/parser/wtg/parse.go:103.17,103.17 0 12
github.com/owulveryck/wardleyToGo/parser/wtg/parse.go:104.19,104.19 0 24
github.com/owulveryck/wardleyToGo/parser/wtg/parse.go:105.23,105.23 0 9
github.com/owulveryck/wardleyToGo/parser/wtg/parse.go:106.21,106.21 0 1
github.com/owulveryck/wardleyToGo/parser/wtg/parse.go:107.31,108.20 1 1
github.com/owulveryck/wardleyToGo/parser/wtg/parse.go:109.17,110.28 1 7
github.com/owulveryck/wardleyToGo/parser/wtg/parse.go:113.4,113.21 1 7
github.com/owulveryck/wardleyToGo/parser/wtg/parse.go:123.18,123.18 0 7
github.com/owulveryck/wardleyToGo/parser/wtg/parse.go:124.24,125.28 1 12
github.com/owulveryck/wardleyToGo/parser/wtg/parse.go:126.22,126.22 0 12
github.com/owulveryck/wardleyToGo/parser/wtg/parse.go:127.11,128.50 1 0
github.com/owulveryck/wardleyToGo/parser/wtg/parse.go:78.28,83.13 5 11
github.com/owulveryck/wardleyToGo/parser/wtg/parse.go:87.28,89.5 1 2
github.com/owulveryck/wardleyToGo/parser/wtg/parse.go:92.28,94.5 1 1
github.com/owulveryck/wardleyToGo/parser/wtg/parse.go:96.18,98.5 1 0
github.com/owulveryck/wardleyToGo/parser/wtg/parse.go:110.28,112.5 1 0
github.com/owulveryck/wardleyToGo/parser/wtg/parse.go:114.17,115.48 1 3
github.com/owulveryck/wardleyToGo/parser/wtg/parse.go:116.15,117.46 1 2
github.com/owulveryck/wardleyToGo/parser/wtg/parse.go:118.21,119.52 1 2
github.com/owulveryck/wardleyToGo/parser/wtg/parse.go:120.12,121.58 1 0
github.com/owulveryck/wardleyToGo/parser/wtg/parse.go:134.58,135.38 1 40
github.com/owulveryck/wardleyToGo/parser/wtg/parse.go:141.2,141.27 1 40
github.com/owulveryck/wardleyToGo/parser/wtg/parse.go:135.38,140.3 4 23
github.com/owulveryck/wardleyToGo/parser/wtg/parse.go:143.62,149.2 2 11
